[24/12/31@14:42:51.954+0100] P-014604 T-008360 1 4GL -- Logging level set to = 1
[24/12/31@14:42:52.003+0100] P-014604 T-008360 1 4GL APPL           JSON Config file: C:\Users\rolan\AppData\Local\Temp\rungui-42d73f5291a1cc5f3e66f6d5711be2ca.json
[24/12/31@14:42:52.004+0100] P-014604 T-008360 1 4GL APPL           Connecting to DB 'sports': '-db sports.db -H localhost -S 5444'
[24/12/31@14:42:52.254+0100] P-014604 T-008360 1 4GL APPL           Create alias 'dictdb' for 'sports'
[24/12/31@14:42:52.261+0100] P-014604 T-008360 1 4GL APPL           PROPATH: OpenEdgeAE/AutoEdge/Factory/autoedgethefactory/client/src,OpenEdgeAE/AutoEdge/Factory/referencecomponents/support/src,OpenEdgeAE/AutoEdge/Factory/referencecomponents/presentationlayer/src,OpenEdgeAE/AutoEdge/Factory/referencecomponents/injectabl/src,OpenEdgeAE/AutoEdge/Factory/referencecomponents/enterpriseservices/src,OpenEdgeAE/AutoEdge/Factory/referencecomponents/dataaccess/src,OpenEdgeAE/AutoEdge/Factory/referencecomponents/commoninfrastructure/shared/src,OpenEdgeAE/AutoEdge/Factory/autoedgethefactory/clie
[24/12/31@14:42:52.261+0100] P-014604 T-008360 1 4GL APPL           nt/src/AutoEdge,./OpenEdgeAE,.,OpenEdgeAE/AutoEdge/Factory/referencecomponents/commoninfrastructure/server/src,OpenEdgeAE/AutoEdge/Factory/referencecomponents/businesscomponents/src,OpenEdgeAE/AutoEdge/Factory/referencecomponents/commoninfrastructure/client/src,OpenEdgeAE/AutoEdge/Factory/autoedgethefactory/shared/src,OpenEdgeAE/AutoEdge/Factory/autoedgethefactory/server/src,C:/Progress/OpenEdge/gui/,C:\Progress\OpenEdge/tty/netlib/OpenEdge.net.pl,C:/Progress/OpenEdge,C:/Progress/OpenEdge/bin,C:/Progress/OpenEdge/gui,O
[24/12/31@14:42:52.261+0100] P-014604 T-008360 1 4GL APPL           penEdgeAE,,C:\Progress\OpenEdge\gui\ablunit.apl,C:\Progress\OpenEdge\gui\adecomm.apl,C:\Progress\OpenEdge\gui\adedict.apl,C:\Progress\OpenEdge\gui\adeicon.apl,C:\Progress\OpenEdge\gui\dataadmin.apl,C:\Progress\OpenEdge\gui\OpenEdge.BusinessLogic.apl,C:\Progress\OpenEdge\gui\OpenEdge.Core.apl,C:\Progress\OpenEdge\gui\OpenEdge.ServerAdmin.apl,C:\Progress\OpenEdge\gui\prodict.apl,C:\Progress\OpenEdge\gui\adecomp.pl,C:\Progress\OpenEdge\gui\adedesk.pl,C:\Progress\OpenEdge\gui\adeedit.pl,C:\Progress\OpenEdge\gui\aderes.pl,C
[24/12/31@14:42:52.261+0100] P-014604 T-008360 1 4GL APPL           :\Progress\OpenEdge\gui\adeshar.pl,C:\Progress\OpenEdge\gui\adeuib.pl,C:\Progress\OpenEdge\gui\adeweb.pl,C:\Progress\OpenEdge\gui\adexml.pl,C:\Progress\OpenEdge\gui\protools.pl
[24/12/31@14:42:52.262+0100] P-014604 T-008360 1 4GL APPL           RUN c:\workspace\AutoEdge\OpenEdgeAE\AutoEdge\Factory\autoedgethefactory\client\src\AutoEdge\Factory\Client\Common\CommonInfrastructure\test.p
[24/12/31@14:43:15.032+0100] P-014716 T-016168 1 4GL -- Logging level set to = 1
[24/12/31@14:43:15.121+0100] P-014716 T-016168 1 4GL APPL           JSON Config file: C:\Users\rolan\AppData\Local\Temp\rungui-6808f3ae0288d8efa952f38046ae19e0.json
[24/12/31@14:43:15.121+0100] P-014716 T-016168 1 4GL APPL           Connecting to DB 'sports': '-db sports.db -H localhost -S 5444'
[24/12/31@14:43:15.182+0100] P-014716 T-016168 1 4GL APPL           Create alias 'dictdb' for 'sports'
[24/12/31@14:43:15.196+0100] P-014716 T-016168 1 4GL APPL           PROPATH: OpenEdgeAE/AutoEdge/Factory/autoedgethefactory/client/src,OpenEdgeAE/AutoEdge/Factory/referencecomponents/support/src,OpenEdgeAE/AutoEdge/Factory/referencecomponents/presentationlayer/src,OpenEdgeAE/AutoEdge/Factory/referencecomponents/injectabl/src,OpenEdgeAE/AutoEdge/Factory/referencecomponents/enterpriseservices/src,OpenEdgeAE/AutoEdge/Factory/referencecomponents/dataaccess/src,OpenEdgeAE/AutoEdge/Factory/referencecomponents/commoninfrastructure/shared/src,OpenEdgeAE/AutoEdge/Factory/autoedgethefactory/clie
[24/12/31@14:43:15.196+0100] P-014716 T-016168 1 4GL APPL           nt/src/AutoEdge,./OpenEdgeAE,.,OpenEdgeAE/AutoEdge/Factory/referencecomponents/commoninfrastructure/server/src,OpenEdgeAE/AutoEdge/Factory/referencecomponents/businesscomponents/src,OpenEdgeAE/AutoEdge/Factory/referencecomponents/commoninfrastructure/client/src,OpenEdgeAE/AutoEdge/Factory/autoedgethefactory/shared/src,OpenEdgeAE/AutoEdge/Factory/autoedgethefactory/server/src,C:/Progress/OpenEdge/gui/,C:\Progress\OpenEdge/tty/netlib/OpenEdge.net.pl,C:/Progress/OpenEdge,C:/Progress/OpenEdge/bin,C:/Progress/OpenEdge/gui,O
[24/12/31@14:43:15.196+0100] P-014716 T-016168 1 4GL APPL           penEdgeAE,,C:\Progress\OpenEdge\gui\ablunit.apl,C:\Progress\OpenEdge\gui\adecomm.apl,C:\Progress\OpenEdge\gui\adedict.apl,C:\Progress\OpenEdge\gui\adeicon.apl,C:\Progress\OpenEdge\gui\dataadmin.apl,C:\Progress\OpenEdge\gui\OpenEdge.BusinessLogic.apl,C:\Progress\OpenEdge\gui\OpenEdge.Core.apl,C:\Progress\OpenEdge\gui\OpenEdge.ServerAdmin.apl,C:\Progress\OpenEdge\gui\prodict.apl,C:\Progress\OpenEdge\gui\adecomp.pl,C:\Progress\OpenEdge\gui\adedesk.pl,C:\Progress\OpenEdge\gui\adeedit.pl,C:\Progress\OpenEdge\gui\aderes.pl,C
[24/12/31@14:43:15.196+0100] P-014716 T-016168 1 4GL APPL           :\Progress\OpenEdge\gui\adeshar.pl,C:\Progress\OpenEdge\gui\adeuib.pl,C:\Progress\OpenEdge\gui\adeweb.pl,C:\Progress\OpenEdge\gui\adexml.pl,C:\Progress\OpenEdge\gui\protools.pl
[24/12/31@14:43:15.197+0100] P-014716 T-016168 1 4GL APPL           RUN c:\workspace\AutoEdge\OpenEdgeAE\AutoEdge\Factory\autoedgethefactory\client\src\AutoEdge\Factory\Client\Common\CommonInfrastructure\test.p
[24/12/31@14:47:07.678+0100] P-014716 T-016168 1 4GL -- (Procedure: 'C:\workspace\AutoEdge\p99121_Untitled1.ped' Line:1) Insufficient disk space. (4163)
[24/12/31@14:47:10.262+0100] P-014716 T-016168 1 4GL -- (Procedure: 'C:\workspace\AutoEdge\p99121_Untitled1.ped' Line:1) Unable to create r-code file "OpenEdgeAE\AutoEdge\Factory\autoedgethefactory\client\src\AutoEdge\Factory\Client\Common\CommonInfrastructure\SecurityManager.r". (477)
